#  netUnit([-1.; -1.; 1.; -1.],[1.; 0.; -3.; -2.]);;
- : float = -2.
#  netUnit([-1.; -1.; 1.; -5.],[1.;2.;3.;4.]);;
- : float = -20.


# netAll([1.0; -1.0; 1.0; -1.0], [[0.; -1.; 1.; -1.]; [-1.; 0.; -1.; 1.]; [1.; -1.; 0.; -1.]; [-1.; 1.; -1.; 0.]]);;
- : float list = [3.; -3.; 3.; -3.]
# netAll([-1.0; -1.0; 1.0; -1.0], [[0.; -1.; 1.; -1.]; [-1.; 0.; -1.; 1.]; [1.; -1.; 0.; -1.]; [-1.; 1.; -1.; 0.]]);;
- : float list = [3.; -1.; 1.; -1.]


# hop11Activation(-6.,-9.);;
- : float = -1.
# hop11Activation(1.,512.);;
- : float = 1.


# nextState([1.0; -1.0; 1.0; -1.0],w);;
- : float list = [-1.; -1.; 1.; -1.]
# nextState(nextState([1.0; -1.0; 1.0; -1.0],w2),w2);;
- : float list = [-1.; -1.; 1.; -1.]


# updateN([-1.0;-1.0],[[0.0;-1.0];[-1.0;0.0]],5);;
- : float list = [1.; 1.]
# updateN([-1.0;-1.0],[[0.0;-1.0];[-1.0;0.0]],10);;
- : float list = [-1.; -1.]


# hopTrainAstate([-1.0; 1.0; 1.0; -1.0]);;
- : float list list =
[[0.; -1.; -1.; 1.]; [-1.; 0.; 1.; -1.]; [-1.; 1.; 0.; -1.];
 [1.; -1.; -1.; 0.]]
# hopTrainAstate([-1.0; -1.0; -1.0; -1.0]);;
- : float list list =
[[0.; 1.; 1.; 1.]; [1.; 0.; 1.; 1.]; [1.; 1.; 0.; 1.]; [1.; 1.; 1.; 0.]]


# hopTrain([[-1.0; -1.0; 1.0; -1.0];[-1.0; -1.0; 1.0; 1.0]]);;
- : float list list =
[[0.; 2.; -2.; 0.]; [2.; 0.; -2.; 0.]; [-2.; -2.; 0.; 0.]; [0.; 0.; 0.; 0.]]
# hopTrain([[1.0; -1.0; 1.0; -1.0];[-1.0; -1.0; 1.0; 1.0]]);;
- : float list list =
[[0.; 0.; 0.; -2.]; [0.; 0.; -2.; 0.]; [0.; -2.; 0.; 0.]; [-2.; 0.; 0.; 0.]]
